  Player.cpp
  CodeOrganizationMainFile.cpp
  Utility.cpp
E:\VR Dev\My_Programming_Practice\My-Programming-Practice\My C++ Programms\My C++ Programms\CodeOrganizationMainFile.cpp(139,19): error C2061: syntax error: identifier 'Player'
E:\VR Dev\My_Programming_Practice\My-Programming-Practice\My C++ Programms\My C++ Programms\CodeOrganizationMainFile.cpp(149,27): error C2061: syntax error: identifier 'Player'
E:\VR Dev\My_Programming_Practice\My-Programming-Practice\My C++ Programms\My C++ Programms\CodeOrganizationMainFile.cpp(175,24): error C2061: syntax error: identifier 'Player'
E:\VR Dev\My_Programming_Practice\My-Programming-Practice\My C++ Programms\My C++ Programms\CodeOrganizationMainFile.cpp(152,16): error C2065: 'player': undeclared identifier
E:\VR Dev\My_Programming_Practice\My-Programming-Practice\My C++ Programms\My C++ Programms\CodeOrganizationMainFile.cpp(152,3): error C2672: 'getline': no matching overloaded function found
E:\VR Dev\My_Programming_Practice\My-Programming-Practice\My C++ Programms\My C++ Programms\CodeOrganizationMainFile.cpp(153,30): error C2065: 'player': undeclared identifier
E:\VR Dev\My_Programming_Practice\My-Programming-Practice\My C++ Programms\My C++ Programms\CodeOrganizationMainFile.cpp(170,3): error C2065: 'player': undeclared identifier
E:\VR Dev\My_Programming_Practice\My-Programming-Practice\My C++ Programms\My C++ Programms\CodeOrganizationMainFile.cpp(178,33): error C2065: 'player': undeclared identifier
E:\VR Dev\My_Programming_Practice\My-Programming-Practice\My C++ Programms\My C++ Programms\CodeOrganizationMainFile.cpp(185,19): error C2065: 'player': undeclared identifier
E:\VR Dev\My_Programming_Practice\My-Programming-Practice\My C++ Programms\My C++ Programms\CodeOrganizationMainFile.cpp(187,67): error C2065: 'player': undeclared identifier
E:\VR Dev\My_Programming_Practice\My-Programming-Practice\My C++ Programms\My C++ Programms\CodeOrganizationMainFile.cpp(193,19): error C2065: 'player': undeclared identifier
E:\VR Dev\My_Programming_Practice\My-Programming-Practice\My C++ Programms\My C++ Programms\CodeOrganizationMainFile.cpp(200,19): error C2065: 'player': undeclared identifier
E:\VR Dev\My_Programming_Practice\My-Programming-Practice\My C++ Programms\My C++ Programms\CodeOrganizationMainFile.cpp(211,6): error C2182: 'gameLoop': this use of 'void' is not valid
E:\VR Dev\My_Programming_Practice\My-Programming-Practice\My C++ Programms\My C++ Programms\CodeOrganizationMainFile.cpp(211,15): error C2065: 'Player': undeclared identifier
E:\VR Dev\My_Programming_Practice\My-Programming-Practice\My C++ Programms\My C++ Programms\CodeOrganizationMainFile.cpp(211,23): error C2065: 'player': undeclared identifier
E:\VR Dev\My_Programming_Practice\My-Programming-Practice\My C++ Programms\My C++ Programms\CodeOrganizationMainFile.cpp(212,1): error C2143: syntax error: missing ';' before '{'
E:\VR Dev\My_Programming_Practice\My-Programming-Practice\My C++ Programms\My C++ Programms\CodeOrganizationMainFile.cpp(216,2): error C2059: syntax error: 'while'
E:\VR Dev\My_Programming_Practice\My-Programming-Practice\My C++ Programms\My C++ Programms\CodeOrganizationMainFile.cpp(217,2): error C2143: syntax error: missing ';' before '{'
E:\VR Dev\My_Programming_Practice\My-Programming-Practice\My C++ Programms\My C++ Programms\CodeOrganizationMainFile.cpp(217,2): error C2447: '{': missing function header (old-style formal list?)
E:\VR Dev\My_Programming_Practice\My-Programming-Practice\My C++ Programms\My C++ Programms\CodeOrganizationMainFile.cpp(270,7): error C2143: syntax error: missing ';' before '<<'
E:\VR Dev\My_Programming_Practice\My-Programming-Practice\My C++ Programms\My C++ Programms\CodeOrganizationMainFile.cpp(270,2): error C4430: missing type specifier - int assumed. Note: C++ does not support default-int
E:\VR Dev\My_Programming_Practice\My-Programming-Practice\My C++ Programms\My C++ Programms\CodeOrganizationMainFile.cpp(270,7): error C2059: syntax error: '<<'
E:\VR Dev\My_Programming_Practice\My-Programming-Practice\My C++ Programms\My C++ Programms\CodeOrganizationMainFile.cpp(271,1): error C2059: syntax error: '}'
E:\VR Dev\My_Programming_Practice\My-Programming-Practice\My C++ Programms\My C++ Programms\CodeOrganizationMainFile.cpp(271,1): error C2143: syntax error: missing ';' before '}'
E:\VR Dev\My_Programming_Practice\My-Programming-Practice\My C++ Programms\My C++ Programms\CodeOrganizationMainFile.cpp(274,1): error C2143: syntax error: missing ';' before '{'
E:\VR Dev\My_Programming_Practice\My-Programming-Practice\My C++ Programms\My C++ Programms\CodeOrganizationMainFile.cpp(274,1): error C2447: '{': missing function header (old-style formal list?)
  Generating Code...
